<?xml version="1.0" encoding="UTF-8" ?>
<testsuite failures="0" time="21.399" errors="0" skipped="0" tests="4" name="InjectedTest">
  <properties>
    <property name="java.runtime.name" value="Java(TM) SE Runtime Environment"/>
    <property name="sun.boot.library.path" value="C:\Program Files\Java\jdk1.6.0_37\jre\bin"/>
    <property name="java.vm.version" value="20.12-b01"/>
    <property name="java.vm.vendor" value="Sun Microsystems Inc."/>
    <property name="java.vendor.url" value="http://java.sun.com/"/>
    <property name="path.separator" value=";"/>
    <property name="java.vm.name" value="Java HotSpot(TM) 64-Bit Server VM"/>
    <property name="file.encoding.pkg" value="sun.io"/>
    <property name="user.country" value="PT"/>
    <property name="sun.java.launcher" value="SUN_STANDARD"/>
    <property name="sun.os.patch.level" value="Service Pack 1"/>
    <property name="java.vm.specification.name" value="Java Virtual Machine Specification"/>
    <property name="user.dir" value="D:\lastsuccessdescriptioncolumn"/>
    <property name="java.runtime.version" value="1.6.0_37-b06"/>
    <property name="java.awt.graphicsenv" value="sun.awt.Win32GraphicsEnvironment"/>
    <property name="basedir" value="D:\lastsuccessdescriptioncolumn"/>
    <property name="java.endorsed.dirs" value="C:\Program Files\Java\jdk1.6.0_37\jre\lib\endorsed"/>
    <property name="os.arch" value="amd64"/>
    <property name="surefire.real.class.path" value="D:\lastsuccessdescriptioncolumn\target\surefire\surefirebooter1227160890788666180.jar"/>
    <property name="hudson.udp" value="33849"/>
    <property name="java.io.tmpdir" value="C:\Users\JGONCA~1.QUI\AppData\Local\Temp\"/>
    <property name="line.separator" value="
"/>
    <property name="java.vm.specification.vendor" value="Sun Microsystems Inc."/>
    <property name="user.variant" value=""/>
    <property name="os.name" value="Windows 7"/>
    <property name="sun.jnu.encoding" value="Cp1252"/>
    <property name="java.library.path" value="C:\Program Files\Java\jdk1.6.0_37\jre\bin;C:\Windows\Sun\Java\bin;C:\Windows\system32;C:\Windows;C:\Program Files (x86)\AMD APP\bin\x86_64;C:\Program Files (x86)\AMD APP\bin\x86_64;C:\Program Files\Common Files\Microsoft Shared\Windows Live;C:\Program Files (x86)\Common Files\Microsoft Shared\Windows Live;C:\Program Files\apache-maven-2.2.1\bin;C:\Windows\system32;C:\Windows;C:\Windows\System32\Wbem;C:\Windows\System32\WindowsPowerShell\v1.0\;C:\Program Files (x86)\Microsoft SQL Server\100\Tools\Binn\;C:\Program Files\Microsoft SQL Server\100\Tools\Binn\;C:\Program Files (x86)\Microsoft SQL Server\100\Tools\Binn\VSShell\Common7\IDE\;C:\Program Files (x86)\Microsoft Visual Studio 9.0\Common7\IDE\PrivateAssemblies\;C:\Program Files (x86)\Microsoft SQL Server\100\DTS\Binn\;C:\Program Files\Microsoft SQL Server\100\DTS\Binn\;C:\Program Files (x86)\Windows Live\Shared;C:\Program Files (x86)\ATI Technologies\ATI.ACE\Core-Static;C:\Program Files\TortoiseSVN\bin;C:\Program Files (x86)\Microsoft ASP.NET\ASP.NET Web Pages\v1.0\;C:\Program Files (x86)\Google\Google Apps Migration\;."/>
    <property name="surefire.test.class.path" value="D:\lastsuccessdescriptioncolumn\target\test-classes;D:\lastsuccessdescriptioncolumn\target\classes;C:\Users\jgoncalves.QUIDGEST\.m2\repository\org\jenkins-ci\main\jenkins-core\1.410\jenkins-core-1.410.jar;C:\Users\jgoncalves.QUIDGEST\.m2\repository\org\jenkins-ci\main\remoting\1.410\remoting-1.410.jar;C:\Users\jgoncalves.QUIDGEST\.m2\repository\org\jenkins-ci\main\cli\1.410\cli-1.410.jar;C:\Users\jgoncalves.QUIDGEST\.m2\repository\org\jenkins-ci\crypto-util\1.1\crypto-util-1.1.jar;C:\Users\jgoncalves.QUIDGEST\.m2\repository\org\jvnet\hudson\jtidy\4aug2000r7-dev-hudson-1\jtidy-4aug2000r7-dev-hudson-1.jar;C:\Users\jgoncalves.QUIDGEST\.m2\repository\org\jruby\ext\posix\jna-posix\1.0.3\jna-posix-1.0.3.jar;C:\Users\jgoncalves.QUIDGEST\.m2\repository\org\kohsuke\trilead-putty-extension\1.0\trilead-putty-extension-1.0.jar;C:\Users\jgoncalves.QUIDGEST\.m2\repository\org\jvnet\hudson\trilead-ssh2\build212-hudson-5\trilead-ssh2-build212-hudson-5.jar;C:\Users\jgoncalves.QUIDGEST\.m2\repository\org\kohsuke\stapler\stapler-jelly\1.164\stapler-jelly-1.164.jar;C:\Users\jgoncalves.QUIDGEST\.m2\repository\org\kohsuke\stapler\stapler\1.164\stapler-1.164.jar;C:\Users\jgoncalves.QUIDGEST\.m2\repository\commons-discovery\commons-discovery\0.4\commons-discovery-0.4.jar;C:\Users\jgoncalves.QUIDGEST\.m2\repository\org\jvnet\tiger-types\1.3\tiger-types-1.3.jar;C:\Users\jgoncalves.QUIDGEST\.m2\repository\com\google\guava\guava\r06\guava-r06.jar;C:\Users\jgoncalves.QUIDGEST\.m2\repository\commons-fileupload\commons-fileupload\1.2.1\commons-fileupload-1.2.1.jar;C:\Users\jgoncalves.QUIDGEST\.m2\repository\org\jenkins-ci\commons-jelly\1.1-jenkins-20110411\commons-jelly-1.1-jenkins-20110411.jar;C:\Users\jgoncalves.QUIDGEST\.m2\repository\org\jvnet\hudson\dom4j\dom4j\1.6.1-hudson-3\dom4j-1.6.1-hudson-3.jar;C:\Users\jgoncalves.QUIDGEST\.m2\repository\org\kohsuke\stapler\stapler-adjunct-timeline\1.2\stapler-adjunct-timeline-1.2.jar;C:\Users\jgoncalves.QUIDGEST\.m2\repository\com\infradna\tool\bridge-method-annotation\1.4\bridge-method-annotation-1.4.jar;C:\Users\jgoncalves.QUIDGEST\.m2\repository\org\kohsuke\stapler\json-lib\2.1-rev6\json-lib-2.1-rev6.jar;C:\Users\jgoncalves.QUIDGEST\.m2\repository\net\sf\ezmorph\ezmorph\1.0.3\ezmorph-1.0.3.jar;C:\Users\jgoncalves.QUIDGEST\.m2\repository\args4j\args4j\2.0.16\args4j-2.0.16.jar;C:\Users\jgoncalves.QUIDGEST\.m2\repository\org\jvnet\hudson\annotation-indexer\1.2\annotation-indexer-1.2.jar;C:\Users\jgoncalves.QUIDGEST\.m2\repository\org\jvnet\hudson\task-reactor\1.2\task-reactor-1.2.jar;C:\Users\jgoncalves.QUIDGEST\.m2\repository\org\jvnet\localizer\localizer\1.10\localizer-1.10.jar;C:\Users\jgoncalves.QUIDGEST\.m2\repository\antlr\antlr\2.7.6\antlr-2.7.6.jar;C:\Users\jgoncalves.QUIDGEST\.m2\repository\org\jvnet\hudson\xstream\1.3.1-hudson-8\xstream-1.3.1-hudson-8.jar;C:\Users\jgoncalves.QUIDGEST\.m2\repository\xpp3\xpp3_min\1.1.4c\xpp3_min-1.1.4c.jar;C:\Users\jgoncalves.QUIDGEST\.m2\repository\jfree\jfreechart\1.0.9\jfreechart-1.0.9.jar;C:\Users\jgoncalves.QUIDGEST\.m2\repository\jfree\jcommon\1.0.12\jcommon-1.0.12.jar;C:\Users\jgoncalves.QUIDGEST\.m2\repository\org\apache\ant\ant\1.8.0\ant-1.8.0.jar;C:\Users\jgoncalves.QUIDGEST\.m2\repository\commons-io\commons-io\1.4\commons-io-1.4.jar;C:\Users\jgoncalves.QUIDGEST\.m2\repository\commons-lang\commons-lang\2.4\commons-lang-2.4.jar;C:\Users\jgoncalves.QUIDGEST\.m2\repository\commons-digester\commons-digester\1.7\commons-digester-1.7.jar;C:\Users\jgoncalves.QUIDGEST\.m2\repository\commons-beanutils\commons-beanutils\1.8.0\commons-beanutils-1.8.0.jar;C:\Users\jgoncalves.QUIDGEST\.m2\repository\javax\mail\mail\1.4\mail-1.4.jar;C:\Users\jgoncalves.QUIDGEST\.m2\repository\org\jvnet\hudson\activation\1.1.1-hudson-1\activation-1.1.1-hudson-1.jar;C:\Users\jgoncalves.QUIDGEST\.m2\repository\jaxen\jaxen\1.1-beta-11\jaxen-1.1-beta-11.jar;C:\Users\jgoncalves.QUIDGEST\.m2\repository\commons-jelly\commons-jelly-tags-fmt\1.0\commons-jelly-tags-fmt-1.0.jar;C:\Users\jgoncalves.QUIDGEST\.m2\repository\commons-jelly\commons-jelly-tags-xml\1.1\commons-jelly-tags-xml-1.1.jar;C:\Users\jgoncalves.QUIDGEST\.m2\repository\org\jvnet\hudson\commons-jelly-tags-define\1.0.1-hudson-20071021\commons-jelly-tags-define-1.0.1-hudson-20071021.jar;C:\Users\jgoncalves.QUIDGEST\.m2\repository\org\jvnet\hudson\commons-jexl\1.1-hudson-20090508\commons-jexl-1.1-hudson-20090508.jar;C:\Users\jgoncalves.QUIDGEST\.m2\repository\org\acegisecurity\acegi-security\1.0.5\acegi-security-1.0.5.jar;C:\Users\jgoncalves.QUIDGEST\.m2\repository\org\springframework\spring-jdbc\1.2.9\spring-jdbc-1.2.9.jar;C:\Users\jgoncalves.QUIDGEST\.m2\repository\org\springframework\spring-dao\1.2.9\spring-dao-1.2.9.jar;C:\Users\jgoncalves.QUIDGEST\.m2\repository\oro\oro\2.0.8\oro-2.0.8.jar;C:\Users\jgoncalves.QUIDGEST\.m2\repository\log4j\log4j\1.2.9\log4j-1.2.9.jar;C:\Users\jgoncalves.QUIDGEST\.m2\repository\org\codehaus\groovy\groovy-all\1.6.0\groovy-all-1.6.0.jar;C:\Users\jgoncalves.QUIDGEST\.m2\repository\org\apache\ant\ant-launcher\1.7.1\ant-launcher-1.7.1.jar;C:\Users\jgoncalves.QUIDGEST\.m2\repository\jline\jline\0.9.94\jline-0.9.94.jar;C:\Users\jgoncalves.QUIDGEST\.m2\repository\org\springframework\spring-web\2.5\spring-web-2.5.jar;C:\Users\jgoncalves.QUIDGEST\.m2\repository\org\springframework\spring-beans\2.5\spring-beans-2.5.jar;C:\Users\jgoncalves.QUIDGEST\.m2\repository\org\springframework\spring-context\2.5\spring-context-2.5.jar;C:\Users\jgoncalves.QUIDGEST\.m2\repository\org\springframework\spring-core\2.5\spring-core-2.5.jar;C:\Users\jgoncalves.QUIDGEST\.m2\repository\org\springframework\spring-aop\2.5\spring-aop-2.5.jar;C:\Users\jgoncalves.QUIDGEST\.m2\repository\aopalliance\aopalliance\1.0\aopalliance-1.0.jar;C:\Users\jgoncalves.QUIDGEST\.m2\repository\xpp3\xpp3\1.1.4c\xpp3-1.1.4c.jar;C:\Users\jgoncalves.QUIDGEST\.m2\repository\javax\servlet\jstl\1.1.0\jstl-1.1.0.jar;C:\Users\jgoncalves.QUIDGEST\.m2\repository\commons-logging\commons-logging\1.1\commons-logging-1.1.jar;C:\Users\jgoncalves.QUIDGEST\.m2\repository\logkit\logkit\1.0.1\logkit-1.0.1.jar;C:\Users\jgoncalves.QUIDGEST\.m2\repository\avalon-framework\avalon-framework\4.1.3\avalon-framework-4.1.3.jar;C:\Users\jgoncalves.QUIDGEST\.m2\repository\com\sun\xml\txw2\txw2\20070624\txw2-20070624.jar;C:\Users\jgoncalves.QUIDGEST\.m2\repository\commons-collections\commons-collections\3.2\commons-collections-3.2.jar;C:\Users\jgoncalves.QUIDGEST\.m2\repository\org\jvnet\winp\winp\1.14\winp-1.14.jar;C:\Users\jgoncalves.QUIDGEST\.m2\repository\org\jenkins-ci\memory-monitor\1.5\memory-monitor-1.5.jar;C:\Users\jgoncalves.QUIDGEST\.m2\repository\com\octo\captcha\jcaptcha-all\1.0-RC6\jcaptcha-all-1.0-RC6.jar;C:\Users\jgoncalves.QUIDGEST\.m2\repository\commons-pool\commons-pool\1.3\commons-pool-1.3.jar;C:\Users\jgoncalves.QUIDGEST\.m2\repository\org\codehaus\woodstox\wstx-asl\3.2.7\wstx-asl-3.2.7.jar;C:\Users\jgoncalves.QUIDGEST\.m2\repository\stax\stax-api\1.0.1\stax-api-1.0.1.jar;C:\Users\jgoncalves.QUIDGEST\.m2\repository\org\jenkins-ci\jmdns\3.4.0-jenkins-2\jmdns-3.4.0-jenkins-2.jar;C:\Users\jgoncalves.QUIDGEST\.m2\repository\net\java\dev\jna\jna\3.2.4\jna-3.2.4.jar;C:\Users\jgoncalves.QUIDGEST\.m2\repository\com\sun\akuma\akuma\1.4\akuma-1.4.jar;C:\Users\jgoncalves.QUIDGEST\.m2\repository\org\jvnet\libpam4j\libpam4j\1.4\libpam4j-1.4.jar;C:\Users\jgoncalves.QUIDGEST\.m2\repository\org\jvnet\libzfs\libzfs\0.5\libzfs-0.5.jar;C:\Users\jgoncalves.QUIDGEST\.m2\repository\com\sun\solaris\embedded_su4j\1.1\embedded_su4j-1.1.jar;C:\Users\jgoncalves.QUIDGEST\.m2\repository\net\java\sezpoz\sezpoz\1.9\sezpoz-1.9.jar;C:\Users\jgoncalves.QUIDGEST\.m2\repository\org\jenkins-ci\jinterop-wmi\1.1\jinterop-wmi-1.1.jar;C:\Users\jgoncalves.QUIDGEST\.m2\repository\org\kohsuke\jinterop\jinterop-proxy\1.1\jinterop-proxy-1.1.jar;C:\Users\jgoncalves.QUIDGEST\.m2\repository\org\kohsuke\jinterop\j-interop\2.0.6-kohsuke-1\j-interop-2.0.6-kohsuke-1.jar;C:\Users\jgoncalves.QUIDGEST\.m2\repository\org\kohsuke\jinterop\j-interopdeps\2.0.6-kohsuke-1\j-interopdeps-2.0.6-kohsuke-1.jar;C:\Users\jgoncalves.QUIDGEST\.m2\repository\org\jenkins-ci\windows-remote-command\1.3\windows-remote-command-1.3.jar;C:\Users\jgoncalves.QUIDGEST\.m2\repository\org\samba\jcifs\jcifs\1.3.14-kohsuke-1\jcifs-1.3.14-kohsuke-1.jar;C:\Users\jgoncalves.QUIDGEST\.m2\repository\org\jvnet\robust-http-client\robust-http-client\1.1\robust-http-client-1.1.jar;C:\Users\jgoncalves.QUIDGEST\.m2\repository\commons-codec\commons-codec\1.4\commons-codec-1.4.jar;C:\Users\jgoncalves.QUIDGEST\.m2\repository\asm\asm-commons\2.2.3\asm-commons-2.2.3.jar;C:\Users\jgoncalves.QUIDGEST\.m2\repository\asm\asm-tree\2.2.3\asm-tree-2.2.3.jar;C:\Users\jgoncalves.QUIDGEST\.m2\repository\asm\asm\2.2.3\asm-2.2.3.jar;C:\Users\jgoncalves.QUIDGEST\.m2\repository\org\kohsuke\access-modifier-annotation\1.0\access-modifier-annotation-1.0.jar;C:\Users\jgoncalves.QUIDGEST\.m2\repository\org\jenkins-ci\main\jenkins-test-harness\1.410\jenkins-test-harness-1.410.jar;C:\Users\jgoncalves.QUIDGEST\.m2\repository\org\jenkins-ci\main\jenkins-war\1.410\jenkins-war-1.410-war-for-test.jar;C:\Users\jgoncalves.QUIDGEST\.m2\repository\org\jenkins-ci\modules\instance-identity\1.1\instance-identity-1.1.jar;C:\Users\jgoncalves.QUIDGEST\.m2\repository\bouncycastle\bcprov-jdk15\140\bcprov-jdk15-140.jar;C:\Users\jgoncalves.QUIDGEST\.m2\repository\org\jenkins-ci\main\maven-plugin\1.410\maven-plugin-1.410.jar;C:\Users\jgoncalves.QUIDGEST\.m2\repository\org\jenkins-ci\main\maven\maven-agent\1.2\maven-agent-1.2.jar;C:\Users\jgoncalves.QUIDGEST\.m2\repository\org\jenkins-ci\main\maven\maven-interceptor\1.2\maven-interceptor-1.2.jar;C:\Users\jgoncalves.QUIDGEST\.m2\repository\org\jvnet\hudson\maven2.1-interceptor\1.2\maven2.1-interceptor-1.2.jar;C:\Users\jgoncalves.QUIDGEST\.m2\repository\org\jenkins-ci\main\maven\maven3-agent\1.2\maven3-agent-1.2.jar;C:\Users\jgoncalves.QUIDGEST\.m2\repository\org\jenkins-ci\main\maven\maven3-interceptor\1.2\maven3-interceptor-1.2.jar;C:\Users\jgoncalves.QUIDGEST\.m2\repository\org\apache\maven\maven-core\3.0.3\maven-core-3.0.3.jar;C:\Users\jgoncalves.QUIDGEST\.m2\repository\org\apache\maven\maven-model\3.0.3\maven-model-3.0.3.jar;C:\Users\jgoncalves.QUIDGEST\.m2\repository\org\apache\maven\maven-settings\3.0.3\maven-settings-3.0.3.jar;C:\Users\jgoncalves.QUIDGEST\.m2\repository\org\apache\maven\maven-settings-builder\3.0.3\maven-settings-builder-3.0.3.jar;C:\Users\jgoncalves.QUIDGEST\.m2\repository\org\apache\maven\maven-repository-metadata\3.0.3\maven-repository-metadata-3.0.3.jar;C:\Users\jgoncalves.QUIDGEST\.m2\repository\org\apache\maven\maven-artifact\3.0.3\maven-artifact-3.0.3.jar;C:\Users\jgoncalves.QUIDGEST\.m2\repository\org\apache\maven\maven-plugin-api\3.0.3\maven-plugin-api-3.0.3.jar;C:\Users\jgoncalves.QUIDGEST\.m2\repository\org\apache\maven\maven-model-builder\3.0.3\maven-model-builder-3.0.3.jar;C:\Users\jgoncalves.QUIDGEST\.m2\repository\org\codehaus\plexus\plexus-interpolation\1.14\plexus-interpolation-1.14.jar;C:\Users\jgoncalves.QUIDGEST\.m2\repository\org\codehaus\plexus\plexus-utils\2.0.6\plexus-utils-2.0.6.jar;C:\Users\jgoncalves.QUIDGEST\.m2\repository\org\codehaus\plexus\plexus-component-annotations\1.5.5\plexus-component-annotations-1.5.5.jar;C:\Users\jgoncalves.QUIDGEST\.m2\repository\org\sonatype\plexus\plexus-sec-dispatcher\1.3\plexus-sec-dispatcher-1.3.jar;C:\Users\jgoncalves.QUIDGEST\.m2\repository\org\apache\maven\maven-compat\3.0.3\maven-compat-3.0.3.jar;C:\Users\jgoncalves.QUIDGEST\.m2\repository\org\apache\maven\maven-aether-provider\3.0.3\maven-aether-provider-3.0.3.jar;C:\Users\jgoncalves.QUIDGEST\.m2\repository\org\apache\maven\maven-embedder\3.0.3\maven-embedder-3.0.3.jar;C:\Users\jgoncalves.QUIDGEST\.m2\repository\org\sonatype\plexus\plexus-cipher\1.4\plexus-cipher-1.4.jar;C:\Users\jgoncalves.QUIDGEST\.m2\repository\commons-cli\commons-cli\1.2\commons-cli-1.2.jar;C:\Users\jgoncalves.QUIDGEST\.m2\repository\org\sonatype\aether\aether-api\1.11\aether-api-1.11.jar;C:\Users\jgoncalves.QUIDGEST\.m2\repository\org\sonatype\aether\aether-impl\1.11\aether-impl-1.11.jar;C:\Users\jgoncalves.QUIDGEST\.m2\repository\org\sonatype\aether\aether-spi\1.11\aether-spi-1.11.jar;C:\Users\jgoncalves.QUIDGEST\.m2\repository\org\sonatype\aether\aether-util\1.11\aether-util-1.11.jar;C:\Users\jgoncalves.QUIDGEST\.m2\repository\org\sonatype\aether\aether-connector-wagon\1.11\aether-connector-wagon-1.11.jar;C:\Users\jgoncalves.QUIDGEST\.m2\repository\org\sonatype\sisu\sisu-inject-plexus\2.2.0\sisu-inject-plexus-2.2.0.jar;C:\Users\jgoncalves.QUIDGEST\.m2\repository\org\sonatype\sisu\sisu-guice\3.0.1\sisu-guice-3.0.1.jar;C:\Users\jgoncalves.QUIDGEST\.m2\repository\javax\inject\javax.inject\1\javax.inject-1.jar;C:\Users\jgoncalves.QUIDGEST\.m2\repository\org\sonatype\sisu\sisu-inject-bean\2.2.0\sisu-inject-bean-2.2.0.jar;C:\Users\jgoncalves.QUIDGEST\.m2\repository\org\apache\maven\wagon\wagon-http-lightweight\1.0-beta-7\wagon-http-lightweight-1.0-beta-7.jar;C:\Users\jgoncalves.QUIDGEST\.m2\repository\org\apache\maven\wagon\wagon-http-shared\1.0-beta-7\wagon-http-shared-1.0-beta-7.jar;C:\Users\jgoncalves.QUIDGEST\.m2\repository\org\apache\maven\wagon\wagon-file\1.0-beta-7\wagon-file-1.0-beta-7.jar;C:\Users\jgoncalves.QUIDGEST\.m2\repository\org\apache\maven\wagon\wagon-ftp\1.0-beta-7\wagon-ftp-1.0-beta-7.jar;C:\Users\jgoncalves.QUIDGEST\.m2\repository\commons-net\commons-net\2.0\commons-net-2.0.jar;C:\Users\jgoncalves.QUIDGEST\.m2\repository\org\apache\maven\wagon\wagon-ssh\1.0-beta-7\wagon-ssh-1.0-beta-7.jar;C:\Users\jgoncalves.QUIDGEST\.m2\repository\com\jcraft\jsch\0.1.38\jsch-0.1.38.jar;C:\Users\jgoncalves.QUIDGEST\.m2\repository\org\apache\maven\wagon\wagon-ssh-common\1.0-beta-7\wagon-ssh-common-1.0-beta-7.jar;C:\Users\jgoncalves.QUIDGEST\.m2\repository\org\codehaus\plexus\plexus-interactivity-api\1.0-alpha-6\plexus-interactivity-api-1.0-alpha-6.jar;C:\Users\jgoncalves.QUIDGEST\.m2\repository\org\apache\maven\wagon\wagon-ssh-external\1.0-beta-7\wagon-ssh-external-1.0-beta-7.jar;C:\Users\jgoncalves.QUIDGEST\.m2\repository\org\apache\maven\wagon\wagon-provider-api\1.0-beta-7\wagon-provider-api-1.0-beta-7.jar;C:\Users\jgoncalves.QUIDGEST\.m2\repository\org\apache\maven\reporting\maven-reporting-api\3.0\maven-reporting-api-3.0.jar;C:\Users\jgoncalves.QUIDGEST\.m2\repository\org\apache\maven\doxia\doxia-sink-api\1.0\doxia-sink-api-1.0.jar;C:\Users\jgoncalves.QUIDGEST\.m2\repository\org\codehaus\plexus\plexus-classworlds\2.3\plexus-classworlds-2.3.jar;C:\Users\jgoncalves.QUIDGEST\.m2\repository\org\jenkins-ci\lib\lib-jenkins-maven-artifact-manager\1.2\lib-jenkins-maven-artifact-manager-1.2.jar;C:\Users\jgoncalves.QUIDGEST\.m2\repository\org\jenkins-ci\lib\lib-jenkins-maven-embedder\3.4\lib-jenkins-maven-embedder-3.4.jar;C:\Users\jgoncalves.QUIDGEST\.m2\repository\org\jvnet\hudson\wagon-webdav\1.0-beta-2-hudson-1\wagon-webdav-1.0-beta-2-hudson-1.jar;C:\Users\jgoncalves.QUIDGEST\.m2\repository\slide\slide-webdavlib\2.1\slide-webdavlib-2.1.jar;C:\Users\jgoncalves.QUIDGEST\.m2\repository\de\zeigermann\xml\xml-im-exporter\1.1\xml-im-exporter-1.1.jar;C:\Users\jgoncalves.QUIDGEST\.m2\repository\net\sourceforge\nekohtml\nekohtml\1.9.13\nekohtml-1.9.13.jar;C:\Users\jgoncalves.QUIDGEST\.m2\repository\org\jvnet\hudson\plugins\subversion\1.11\subversion-1.11.jar;C:\Users\jgoncalves.QUIDGEST\.m2\repository\org\jvnet\hudson\svnkit\svnkit\1.3.0-hudson-4\svnkit-1.3.0-hudson-4.jar;C:\Users\jgoncalves.QUIDGEST\.m2\repository\org\mortbay\jetty\jetty\6.1.26\jetty-6.1.26.jar;C:\Users\jgoncalves.QUIDGEST\.m2\repository\org\mortbay\jetty\jetty-util\6.1.26\jetty-util-6.1.26.jar;C:\Users\jgoncalves.QUIDGEST\.m2\repository\org\mortbay\jetty\servlet-api\2.5-20081211\servlet-api-2.5-20081211.jar;C:\Users\jgoncalves.QUIDGEST\.m2\repository\org\jvnet\hudson\test-annotations\1.0\test-annotations-1.0.jar;C:\Users\jgoncalves.QUIDGEST\.m2\repository\org\jvnet\mock-javamail\mock-javamail\1.7\mock-javamail-1.7.jar;C:\Users\jgoncalves.QUIDGEST\.m2\repository\org\jenkins-ci\htmlunit\2.6-jenkins-4\htmlunit-2.6-jenkins-4.jar;C:\Users\jgoncalves.QUIDGEST\.m2\repository\xalan\xalan\2.7.1\xalan-2.7.1.jar;C:\Users\jgoncalves.QUIDGEST\.m2\repository\xalan\serializer\2.7.1\serializer-2.7.1.jar;C:\Users\jgoncalves.QUIDGEST\.m2\repository\commons-httpclient\commons-httpclient\3.1\commons-httpclient-3.1.jar;C:\Users\jgoncalves.QUIDGEST\.m2\repository\org\jvnet\hudson\htmlunit-core-js\2.6-hudson-1\htmlunit-core-js-2.6-hudson-1.jar;C:\Users\jgoncalves.QUIDGEST\.m2\repository\xerces\xercesImpl\2.9.1\xercesImpl-2.9.1.jar;C:\Users\jgoncalves.QUIDGEST\.m2\repository\net\sourceforge\cssparser\cssparser\0.9.5\cssparser-0.9.5.jar;C:\Users\jgoncalves.QUIDGEST\.m2\repository\org\w3c\css\sac\1.3\sac-1.3.jar;C:\Users\jgoncalves.QUIDGEST\.m2\repository\org\jvnet\hudson\embedded-rhino-debugger\1.2\embedded-rhino-debugger-1.2.jar;C:\Users\jgoncalves.QUIDGEST\.m2\repository\org\jvnet\hudson\netx\0.5-hudson-2\netx-0.5-hudson-2.jar;C:\Users\jgoncalves.QUIDGEST\.m2\repository\org\easymock\easymock\2.4\easymock-2.4.jar;C:\Users\jgoncalves.QUIDGEST\.m2\repository\org\jenkins-ci\main\ui-samples-plugin\1.410\ui-samples-plugin-1.410.jar;C:\Users\jgoncalves.QUIDGEST\.m2\repository\junit\junit\4.8.2\junit-4.8.2.jar;C:\Users\jgoncalves.QUIDGEST\.m2\repository\javax\servlet\servlet-api\2.4\servlet-api-2.4.jar;"/>
    <property name="java.specification.name" value="Java Platform API Specification"/>
    <property name="java.class.version" value="50.0"/>
    <property name="sun.management.compiler" value="HotSpot 64-Bit Tiered Compilers"/>
    <property name="os.version" value="6.1"/>
    <property name="user.home" value="C:\Users\jgoncalves.QUIDGEST"/>
    <property name="user.timezone" value="Europe/London"/>
    <property name="java.awt.printerjob" value="sun.awt.windows.WPrinterJob"/>
    <property name="org.mortbay.jetty.Request.maxFormContentSize" value="-1"/>
    <property name="java.specification.version" value="1.6"/>
    <property name="file.encoding" value="Cp1252"/>
    <property name="user.name" value="jgoncalves"/>
    <property name="java.class.path" value="D:\lastsuccessdescriptioncolumn\target\test-classes;D:\lastsuccessdescriptioncolumn\target\classes;C:\Users\jgoncalves.QUIDGEST\.m2\repository\org\jenkins-ci\main\jenkins-core\1.410\jenkins-core-1.410.jar;C:\Users\jgoncalves.QUIDGEST\.m2\repository\org\jenkins-ci\main\remoting\1.410\remoting-1.410.jar;C:\Users\jgoncalves.QUIDGEST\.m2\repository\org\jenkins-ci\main\cli\1.410\cli-1.410.jar;C:\Users\jgoncalves.QUIDGEST\.m2\repository\org\jenkins-ci\crypto-util\1.1\crypto-util-1.1.jar;C:\Users\jgoncalves.QUIDGEST\.m2\repository\org\jvnet\hudson\jtidy\4aug2000r7-dev-hudson-1\jtidy-4aug2000r7-dev-hudson-1.jar;C:\Users\jgoncalves.QUIDGEST\.m2\repository\org\jruby\ext\posix\jna-posix\1.0.3\jna-posix-1.0.3.jar;C:\Users\jgoncalves.QUIDGEST\.m2\repository\org\kohsuke\trilead-putty-extension\1.0\trilead-putty-extension-1.0.jar;C:\Users\jgoncalves.QUIDGEST\.m2\repository\org\jvnet\hudson\trilead-ssh2\build212-hudson-5\trilead-ssh2-build212-hudson-5.jar;C:\Users\jgoncalves.QUIDGEST\.m2\repository\org\kohsuke\stapler\stapler-jelly\1.164\stapler-jelly-1.164.jar;C:\Users\jgoncalves.QUIDGEST\.m2\repository\org\kohsuke\stapler\stapler\1.164\stapler-1.164.jar;C:\Users\jgoncalves.QUIDGEST\.m2\repository\commons-discovery\commons-discovery\0.4\commons-discovery-0.4.jar;C:\Users\jgoncalves.QUIDGEST\.m2\repository\org\jvnet\tiger-types\1.3\tiger-types-1.3.jar;C:\Users\jgoncalves.QUIDGEST\.m2\repository\com\google\guava\guava\r06\guava-r06.jar;C:\Users\jgoncalves.QUIDGEST\.m2\repository\commons-fileupload\commons-fileupload\1.2.1\commons-fileupload-1.2.1.jar;C:\Users\jgoncalves.QUIDGEST\.m2\repository\org\jenkins-ci\commons-jelly\1.1-jenkins-20110411\commons-jelly-1.1-jenkins-20110411.jar;C:\Users\jgoncalves.QUIDGEST\.m2\repository\org\jvnet\hudson\dom4j\dom4j\1.6.1-hudson-3\dom4j-1.6.1-hudson-3.jar;C:\Users\jgoncalves.QUIDGEST\.m2\repository\org\kohsuke\stapler\stapler-adjunct-timeline\1.2\stapler-adjunct-timeline-1.2.jar;C:\Users\jgoncalves.QUIDGEST\.m2\repository\com\infradna\tool\bridge-method-annotation\1.4\bridge-method-annotation-1.4.jar;C:\Users\jgoncalves.QUIDGEST\.m2\repository\org\kohsuke\stapler\json-lib\2.1-rev6\json-lib-2.1-rev6.jar;C:\Users\jgoncalves.QUIDGEST\.m2\repository\net\sf\ezmorph\ezmorph\1.0.3\ezmorph-1.0.3.jar;C:\Users\jgoncalves.QUIDGEST\.m2\repository\args4j\args4j\2.0.16\args4j-2.0.16.jar;C:\Users\jgoncalves.QUIDGEST\.m2\repository\org\jvnet\hudson\annotation-indexer\1.2\annotation-indexer-1.2.jar;C:\Users\jgoncalves.QUIDGEST\.m2\repository\org\jvnet\hudson\task-reactor\1.2\task-reactor-1.2.jar;C:\Users\jgoncalves.QUIDGEST\.m2\repository\org\jvnet\localizer\localizer\1.10\localizer-1.10.jar;C:\Users\jgoncalves.QUIDGEST\.m2\repository\antlr\antlr\2.7.6\antlr-2.7.6.jar;C:\Users\jgoncalves.QUIDGEST\.m2\repository\org\jvnet\hudson\xstream\1.3.1-hudson-8\xstream-1.3.1-hudson-8.jar;C:\Users\jgoncalves.QUIDGEST\.m2\repository\xpp3\xpp3_min\1.1.4c\xpp3_min-1.1.4c.jar;C:\Users\jgoncalves.QUIDGEST\.m2\repository\jfree\jfreechart\1.0.9\jfreechart-1.0.9.jar;C:\Users\jgoncalves.QUIDGEST\.m2\repository\jfree\jcommon\1.0.12\jcommon-1.0.12.jar;C:\Users\jgoncalves.QUIDGEST\.m2\repository\org\apache\ant\ant\1.8.0\ant-1.8.0.jar;C:\Users\jgoncalves.QUIDGEST\.m2\repository\commons-io\commons-io\1.4\commons-io-1.4.jar;C:\Users\jgoncalves.QUIDGEST\.m2\repository\commons-lang\commons-lang\2.4\commons-lang-2.4.jar;C:\Users\jgoncalves.QUIDGEST\.m2\repository\commons-digester\commons-digester\1.7\commons-digester-1.7.jar;C:\Users\jgoncalves.QUIDGEST\.m2\repository\commons-beanutils\commons-beanutils\1.8.0\commons-beanutils-1.8.0.jar;C:\Users\jgoncalves.QUIDGEST\.m2\repository\javax\mail\mail\1.4\mail-1.4.jar;C:\Users\jgoncalves.QUIDGEST\.m2\repository\org\jvnet\hudson\activation\1.1.1-hudson-1\activation-1.1.1-hudson-1.jar;C:\Users\jgoncalves.QUIDGEST\.m2\repository\jaxen\jaxen\1.1-beta-11\jaxen-1.1-beta-11.jar;C:\Users\jgoncalves.QUIDGEST\.m2\repository\commons-jelly\commons-jelly-tags-fmt\1.0\commons-jelly-tags-fmt-1.0.jar;C:\Users\jgoncalves.QUIDGEST\.m2\repository\commons-jelly\commons-jelly-tags-xml\1.1\commons-jelly-tags-xml-1.1.jar;C:\Users\jgoncalves.QUIDGEST\.m2\repository\org\jvnet\hudson\commons-jelly-tags-define\1.0.1-hudson-20071021\commons-jelly-tags-define-1.0.1-hudson-20071021.jar;C:\Users\jgoncalves.QUIDGEST\.m2\repository\org\jvnet\hudson\commons-jexl\1.1-hudson-20090508\commons-jexl-1.1-hudson-20090508.jar;C:\Users\jgoncalves.QUIDGEST\.m2\repository\org\acegisecurity\acegi-security\1.0.5\acegi-security-1.0.5.jar;C:\Users\jgoncalves.QUIDGEST\.m2\repository\org\springframework\spring-jdbc\1.2.9\spring-jdbc-1.2.9.jar;C:\Users\jgoncalves.QUIDGEST\.m2\repository\org\springframework\spring-dao\1.2.9\spring-dao-1.2.9.jar;C:\Users\jgoncalves.QUIDGEST\.m2\repository\oro\oro\2.0.8\oro-2.0.8.jar;C:\Users\jgoncalves.QUIDGEST\.m2\repository\log4j\log4j\1.2.9\log4j-1.2.9.jar;C:\Users\jgoncalves.QUIDGEST\.m2\repository\org\codehaus\groovy\groovy-all\1.6.0\groovy-all-1.6.0.jar;C:\Users\jgoncalves.QUIDGEST\.m2\repository\org\apache\ant\ant-launcher\1.7.1\ant-launcher-1.7.1.jar;C:\Users\jgoncalves.QUIDGEST\.m2\repository\jline\jline\0.9.94\jline-0.9.94.jar;C:\Users\jgoncalves.QUIDGEST\.m2\repository\org\springframework\spring-web\2.5\spring-web-2.5.jar;C:\Users\jgoncalves.QUIDGEST\.m2\repository\org\springframework\spring-beans\2.5\spring-beans-2.5.jar;C:\Users\jgoncalves.QUIDGEST\.m2\repository\org\springframework\spring-context\2.5\spring-context-2.5.jar;C:\Users\jgoncalves.QUIDGEST\.m2\repository\org\springframework\spring-core\2.5\spring-core-2.5.jar;C:\Users\jgoncalves.QUIDGEST\.m2\repository\org\springframework\spring-aop\2.5\spring-aop-2.5.jar;C:\Users\jgoncalves.QUIDGEST\.m2\repository\aopalliance\aopalliance\1.0\aopalliance-1.0.jar;C:\Users\jgoncalves.QUIDGEST\.m2\repository\xpp3\xpp3\1.1.4c\xpp3-1.1.4c.jar;C:\Users\jgoncalves.QUIDGEST\.m2\repository\javax\servlet\jstl\1.1.0\jstl-1.1.0.jar;C:\Users\jgoncalves.QUIDGEST\.m2\repository\commons-logging\commons-logging\1.1\commons-logging-1.1.jar;C:\Users\jgoncalves.QUIDGEST\.m2\repository\logkit\logkit\1.0.1\logkit-1.0.1.jar;C:\Users\jgoncalves.QUIDGEST\.m2\repository\avalon-framework\avalon-framework\4.1.3\avalon-framework-4.1.3.jar;C:\Users\jgoncalves.QUIDGEST\.m2\repository\com\sun\xml\txw2\txw2\20070624\txw2-20070624.jar;C:\Users\jgoncalves.QUIDGEST\.m2\repository\commons-collections\commons-collections\3.2\commons-collections-3.2.jar;C:\Users\jgoncalves.QUIDGEST\.m2\repository\org\jvnet\winp\winp\1.14\winp-1.14.jar;C:\Users\jgoncalves.QUIDGEST\.m2\repository\org\jenkins-ci\memory-monitor\1.5\memory-monitor-1.5.jar;C:\Users\jgoncalves.QUIDGEST\.m2\repository\com\octo\captcha\jcaptcha-all\1.0-RC6\jcaptcha-all-1.0-RC6.jar;C:\Users\jgoncalves.QUIDGEST\.m2\repository\commons-pool\commons-pool\1.3\commons-pool-1.3.jar;C:\Users\jgoncalves.QUIDGEST\.m2\repository\org\codehaus\woodstox\wstx-asl\3.2.7\wstx-asl-3.2.7.jar;C:\Users\jgoncalves.QUIDGEST\.m2\repository\stax\stax-api\1.0.1\stax-api-1.0.1.jar;C:\Users\jgoncalves.QUIDGEST\.m2\repository\org\jenkins-ci\jmdns\3.4.0-jenkins-2\jmdns-3.4.0-jenkins-2.jar;C:\Users\jgoncalves.QUIDGEST\.m2\repository\net\java\dev\jna\jna\3.2.4\jna-3.2.4.jar;C:\Users\jgoncalves.QUIDGEST\.m2\repository\com\sun\akuma\akuma\1.4\akuma-1.4.jar;C:\Users\jgoncalves.QUIDGEST\.m2\repository\org\jvnet\libpam4j\libpam4j\1.4\libpam4j-1.4.jar;C:\Users\jgoncalves.QUIDGEST\.m2\repository\org\jvnet\libzfs\libzfs\0.5\libzfs-0.5.jar;C:\Users\jgoncalves.QUIDGEST\.m2\repository\com\sun\solaris\embedded_su4j\1.1\embedded_su4j-1.1.jar;C:\Users\jgoncalves.QUIDGEST\.m2\repository\net\java\sezpoz\sezpoz\1.9\sezpoz-1.9.jar;C:\Users\jgoncalves.QUIDGEST\.m2\repository\org\jenkins-ci\jinterop-wmi\1.1\jinterop-wmi-1.1.jar;C:\Users\jgoncalves.QUIDGEST\.m2\repository\org\kohsuke\jinterop\jinterop-proxy\1.1\jinterop-proxy-1.1.jar;C:\Users\jgoncalves.QUIDGEST\.m2\repository\org\kohsuke\jinterop\j-interop\2.0.6-kohsuke-1\j-interop-2.0.6-kohsuke-1.jar;C:\Users\jgoncalves.QUIDGEST\.m2\repository\org\kohsuke\jinterop\j-interopdeps\2.0.6-kohsuke-1\j-interopdeps-2.0.6-kohsuke-1.jar;C:\Users\jgoncalves.QUIDGEST\.m2\repository\org\jenkins-ci\windows-remote-command\1.3\windows-remote-command-1.3.jar;C:\Users\jgoncalves.QUIDGEST\.m2\repository\org\samba\jcifs\jcifs\1.3.14-kohsuke-1\jcifs-1.3.14-kohsuke-1.jar;C:\Users\jgoncalves.QUIDGEST\.m2\repository\org\jvnet\robust-http-client\robust-http-client\1.1\robust-http-client-1.1.jar;C:\Users\jgoncalves.QUIDGEST\.m2\repository\commons-codec\commons-codec\1.4\commons-codec-1.4.jar;C:\Users\jgoncalves.QUIDGEST\.m2\repository\asm\asm-commons\2.2.3\asm-commons-2.2.3.jar;C:\Users\jgoncalves.QUIDGEST\.m2\repository\asm\asm-tree\2.2.3\asm-tree-2.2.3.jar;C:\Users\jgoncalves.QUIDGEST\.m2\repository\asm\asm\2.2.3\asm-2.2.3.jar;C:\Users\jgoncalves.QUIDGEST\.m2\repository\org\kohsuke\access-modifier-annotation\1.0\access-modifier-annotation-1.0.jar;C:\Users\jgoncalves.QUIDGEST\.m2\repository\org\jenkins-ci\main\jenkins-test-harness\1.410\jenkins-test-harness-1.410.jar;C:\Users\jgoncalves.QUIDGEST\.m2\repository\org\jenkins-ci\main\jenkins-war\1.410\jenkins-war-1.410-war-for-test.jar;C:\Users\jgoncalves.QUIDGEST\.m2\repository\org\jenkins-ci\modules\instance-identity\1.1\instance-identity-1.1.jar;C:\Users\jgoncalves.QUIDGEST\.m2\repository\bouncycastle\bcprov-jdk15\140\bcprov-jdk15-140.jar;C:\Users\jgoncalves.QUIDGEST\.m2\repository\org\jenkins-ci\main\maven-plugin\1.410\maven-plugin-1.410.jar;C:\Users\jgoncalves.QUIDGEST\.m2\repository\org\jenkins-ci\main\maven\maven-agent\1.2\maven-agent-1.2.jar;C:\Users\jgoncalves.QUIDGEST\.m2\repository\org\jenkins-ci\main\maven\maven-interceptor\1.2\maven-interceptor-1.2.jar;C:\Users\jgoncalves.QUIDGEST\.m2\repository\org\jvnet\hudson\maven2.1-interceptor\1.2\maven2.1-interceptor-1.2.jar;C:\Users\jgoncalves.QUIDGEST\.m2\repository\org\jenkins-ci\main\maven\maven3-agent\1.2\maven3-agent-1.2.jar;C:\Users\jgoncalves.QUIDGEST\.m2\repository\org\jenkins-ci\main\maven\maven3-interceptor\1.2\maven3-interceptor-1.2.jar;C:\Users\jgoncalves.QUIDGEST\.m2\repository\org\apache\maven\maven-core\3.0.3\maven-core-3.0.3.jar;C:\Users\jgoncalves.QUIDGEST\.m2\repository\org\apache\maven\maven-model\3.0.3\maven-model-3.0.3.jar;C:\Users\jgoncalves.QUIDGEST\.m2\repository\org\apache\maven\maven-settings\3.0.3\maven-settings-3.0.3.jar;C:\Users\jgoncalves.QUIDGEST\.m2\repository\org\apache\maven\maven-settings-builder\3.0.3\maven-settings-builder-3.0.3.jar;C:\Users\jgoncalves.QUIDGEST\.m2\repository\org\apache\maven\maven-repository-metadata\3.0.3\maven-repository-metadata-3.0.3.jar;C:\Users\jgoncalves.QUIDGEST\.m2\repository\org\apache\maven\maven-artifact\3.0.3\maven-artifact-3.0.3.jar;C:\Users\jgoncalves.QUIDGEST\.m2\repository\org\apache\maven\maven-plugin-api\3.0.3\maven-plugin-api-3.0.3.jar;C:\Users\jgoncalves.QUIDGEST\.m2\repository\org\apache\maven\maven-model-builder\3.0.3\maven-model-builder-3.0.3.jar;C:\Users\jgoncalves.QUIDGEST\.m2\repository\org\codehaus\plexus\plexus-interpolation\1.14\plexus-interpolation-1.14.jar;C:\Users\jgoncalves.QUIDGEST\.m2\repository\org\codehaus\plexus\plexus-utils\2.0.6\plexus-utils-2.0.6.jar;C:\Users\jgoncalves.QUIDGEST\.m2\repository\org\codehaus\plexus\plexus-component-annotations\1.5.5\plexus-component-annotations-1.5.5.jar;C:\Users\jgoncalves.QUIDGEST\.m2\repository\org\sonatype\plexus\plexus-sec-dispatcher\1.3\plexus-sec-dispatcher-1.3.jar;C:\Users\jgoncalves.QUIDGEST\.m2\repository\org\apache\maven\maven-compat\3.0.3\maven-compat-3.0.3.jar;C:\Users\jgoncalves.QUIDGEST\.m2\repository\org\apache\maven\maven-aether-provider\3.0.3\maven-aether-provider-3.0.3.jar;C:\Users\jgoncalves.QUIDGEST\.m2\repository\org\apache\maven\maven-embedder\3.0.3\maven-embedder-3.0.3.jar;C:\Users\jgoncalves.QUIDGEST\.m2\repository\org\sonatype\plexus\plexus-cipher\1.4\plexus-cipher-1.4.jar;C:\Users\jgoncalves.QUIDGEST\.m2\repository\commons-cli\commons-cli\1.2\commons-cli-1.2.jar;C:\Users\jgoncalves.QUIDGEST\.m2\repository\org\sonatype\aether\aether-api\1.11\aether-api-1.11.jar;C:\Users\jgoncalves.QUIDGEST\.m2\repository\org\sonatype\aether\aether-impl\1.11\aether-impl-1.11.jar;C:\Users\jgoncalves.QUIDGEST\.m2\repository\org\sonatype\aether\aether-spi\1.11\aether-spi-1.11.jar;C:\Users\jgoncalves.QUIDGEST\.m2\repository\org\sonatype\aether\aether-util\1.11\aether-util-1.11.jar;C:\Users\jgoncalves.QUIDGEST\.m2\repository\org\sonatype\aether\aether-connector-wagon\1.11\aether-connector-wagon-1.11.jar;C:\Users\jgoncalves.QUIDGEST\.m2\repository\org\sonatype\sisu\sisu-inject-plexus\2.2.0\sisu-inject-plexus-2.2.0.jar;C:\Users\jgoncalves.QUIDGEST\.m2\repository\org\sonatype\sisu\sisu-guice\3.0.1\sisu-guice-3.0.1.jar;C:\Users\jgoncalves.QUIDGEST\.m2\repository\javax\inject\javax.inject\1\javax.inject-1.jar;C:\Users\jgoncalves.QUIDGEST\.m2\repository\org\sonatype\sisu\sisu-inject-bean\2.2.0\sisu-inject-bean-2.2.0.jar;C:\Users\jgoncalves.QUIDGEST\.m2\repository\org\apache\maven\wagon\wagon-http-lightweight\1.0-beta-7\wagon-http-lightweight-1.0-beta-7.jar;C:\Users\jgoncalves.QUIDGEST\.m2\repository\org\apache\maven\wagon\wagon-http-shared\1.0-beta-7\wagon-http-shared-1.0-beta-7.jar;C:\Users\jgoncalves.QUIDGEST\.m2\repository\org\apache\maven\wagon\wagon-file\1.0-beta-7\wagon-file-1.0-beta-7.jar;C:\Users\jgoncalves.QUIDGEST\.m2\repository\org\apache\maven\wagon\wagon-ftp\1.0-beta-7\wagon-ftp-1.0-beta-7.jar;C:\Users\jgoncalves.QUIDGEST\.m2\repository\commons-net\commons-net\2.0\commons-net-2.0.jar;C:\Users\jgoncalves.QUIDGEST\.m2\repository\org\apache\maven\wagon\wagon-ssh\1.0-beta-7\wagon-ssh-1.0-beta-7.jar;C:\Users\jgoncalves.QUIDGEST\.m2\repository\com\jcraft\jsch\0.1.38\jsch-0.1.38.jar;C:\Users\jgoncalves.QUIDGEST\.m2\repository\org\apache\maven\wagon\wagon-ssh-common\1.0-beta-7\wagon-ssh-common-1.0-beta-7.jar;C:\Users\jgoncalves.QUIDGEST\.m2\repository\org\codehaus\plexus\plexus-interactivity-api\1.0-alpha-6\plexus-interactivity-api-1.0-alpha-6.jar;C:\Users\jgoncalves.QUIDGEST\.m2\repository\org\apache\maven\wagon\wagon-ssh-external\1.0-beta-7\wagon-ssh-external-1.0-beta-7.jar;C:\Users\jgoncalves.QUIDGEST\.m2\repository\org\apache\maven\wagon\wagon-provider-api\1.0-beta-7\wagon-provider-api-1.0-beta-7.jar;C:\Users\jgoncalves.QUIDGEST\.m2\repository\org\apache\maven\reporting\maven-reporting-api\3.0\maven-reporting-api-3.0.jar;C:\Users\jgoncalves.QUIDGEST\.m2\repository\org\apache\maven\doxia\doxia-sink-api\1.0\doxia-sink-api-1.0.jar;C:\Users\jgoncalves.QUIDGEST\.m2\repository\org\codehaus\plexus\plexus-classworlds\2.3\plexus-classworlds-2.3.jar;C:\Users\jgoncalves.QUIDGEST\.m2\repository\org\jenkins-ci\lib\lib-jenkins-maven-artifact-manager\1.2\lib-jenkins-maven-artifact-manager-1.2.jar;C:\Users\jgoncalves.QUIDGEST\.m2\repository\org\jenkins-ci\lib\lib-jenkins-maven-embedder\3.4\lib-jenkins-maven-embedder-3.4.jar;C:\Users\jgoncalves.QUIDGEST\.m2\repository\org\jvnet\hudson\wagon-webdav\1.0-beta-2-hudson-1\wagon-webdav-1.0-beta-2-hudson-1.jar;C:\Users\jgoncalves.QUIDGEST\.m2\repository\slide\slide-webdavlib\2.1\slide-webdavlib-2.1.jar;C:\Users\jgoncalves.QUIDGEST\.m2\repository\de\zeigermann\xml\xml-im-exporter\1.1\xml-im-exporter-1.1.jar;C:\Users\jgoncalves.QUIDGEST\.m2\repository\net\sourceforge\nekohtml\nekohtml\1.9.13\nekohtml-1.9.13.jar;C:\Users\jgoncalves.QUIDGEST\.m2\repository\org\jvnet\hudson\plugins\subversion\1.11\subversion-1.11.jar;C:\Users\jgoncalves.QUIDGEST\.m2\repository\org\jvnet\hudson\svnkit\svnkit\1.3.0-hudson-4\svnkit-1.3.0-hudson-4.jar;C:\Users\jgoncalves.QUIDGEST\.m2\repository\org\mortbay\jetty\jetty\6.1.26\jetty-6.1.26.jar;C:\Users\jgoncalves.QUIDGEST\.m2\repository\org\mortbay\jetty\jetty-util\6.1.26\jetty-util-6.1.26.jar;C:\Users\jgoncalves.QUIDGEST\.m2\repository\org\mortbay\jetty\servlet-api\2.5-20081211\servlet-api-2.5-20081211.jar;C:\Users\jgoncalves.QUIDGEST\.m2\repository\org\jvnet\hudson\test-annotations\1.0\test-annotations-1.0.jar;C:\Users\jgoncalves.QUIDGEST\.m2\repository\org\jvnet\mock-javamail\mock-javamail\1.7\mock-javamail-1.7.jar;C:\Users\jgoncalves.QUIDGEST\.m2\repository\org\jenkins-ci\htmlunit\2.6-jenkins-4\htmlunit-2.6-jenkins-4.jar;C:\Users\jgoncalves.QUIDGEST\.m2\repository\xalan\xalan\2.7.1\xalan-2.7.1.jar;C:\Users\jgoncalves.QUIDGEST\.m2\repository\xalan\serializer\2.7.1\serializer-2.7.1.jar;C:\Users\jgoncalves.QUIDGEST\.m2\repository\commons-httpclient\commons-httpclient\3.1\commons-httpclient-3.1.jar;C:\Users\jgoncalves.QUIDGEST\.m2\repository\org\jvnet\hudson\htmlunit-core-js\2.6-hudson-1\htmlunit-core-js-2.6-hudson-1.jar;C:\Users\jgoncalves.QUIDGEST\.m2\repository\xerces\xercesImpl\2.9.1\xercesImpl-2.9.1.jar;C:\Users\jgoncalves.QUIDGEST\.m2\repository\net\sourceforge\cssparser\cssparser\0.9.5\cssparser-0.9.5.jar;C:\Users\jgoncalves.QUIDGEST\.m2\repository\org\w3c\css\sac\1.3\sac-1.3.jar;C:\Users\jgoncalves.QUIDGEST\.m2\repository\org\jvnet\hudson\embedded-rhino-debugger\1.2\embedded-rhino-debugger-1.2.jar;C:\Users\jgoncalves.QUIDGEST\.m2\repository\org\jvnet\hudson\netx\0.5-hudson-2\netx-0.5-hudson-2.jar;C:\Users\jgoncalves.QUIDGEST\.m2\repository\org\easymock\easymock\2.4\easymock-2.4.jar;C:\Users\jgoncalves.QUIDGEST\.m2\repository\org\jenkins-ci\main\ui-samples-plugin\1.410\ui-samples-plugin-1.410.jar;C:\Users\jgoncalves.QUIDGEST\.m2\repository\junit\junit\4.8.2\junit-4.8.2.jar;C:\Users\jgoncalves.QUIDGEST\.m2\repository\javax\servlet\servlet-api\2.4\servlet-api-2.4.jar;"/>
    <property name="java.vm.specification.version" value="1.0"/>
    <property name="sun.arch.data.model" value="64"/>
    <property name="java.home" value="C:\Program Files\Java\jdk1.6.0_37\jre"/>
    <property name="sun.java.command" value="D:\lastsuccessdescriptioncolumn\target\surefire\surefirebooter1227160890788666180.jar D:\lastsuccessdescriptioncolumn\target\surefire\surefire5189289044495136320tmp D:\lastsuccessdescriptioncolumn\target\surefire\surefire6623468190408154108tmp"/>
    <property name="svnkit.ssh2.persistent" value="false"/>
    <property name="java.specification.vendor" value="Sun Microsystems Inc."/>
    <property name="user.language" value="pt"/>
    <property name="awt.toolkit" value="sun.awt.windows.WToolkit"/>
    <property name="java.vm.info" value="mixed mode"/>
    <property name="java.version" value="1.6.0_37"/>
    <property name="java.ext.dirs" value="C:\Program Files\Java\jdk1.6.0_37\jre\lib\ext;C:\Windows\Sun\Java\lib\ext"/>
    <property name="sun.boot.class.path" value="C:\Program Files\Java\jdk1.6.0_37\jre\lib\resources.jar;C:\Program Files\Java\jdk1.6.0_37\jre\lib\rt.jar;C:\Program Files\Java\jdk1.6.0_37\jre\lib\sunrsasign.jar;C:\Program Files\Java\jdk1.6.0_37\jre\lib\jsse.jar;C:\Program Files\Java\jdk1.6.0_37\jre\lib\jce.jar;C:\Program Files\Java\jdk1.6.0_37\jre\lib\charsets.jar;C:\Program Files\Java\jdk1.6.0_37\jre\lib\modules\jdk.boot.jar;C:\Program Files\Java\jdk1.6.0_37\jre\classes"/>
    <property name="java.vendor" value="Sun Microsystems Inc."/>
    <property name="localRepository" value="C:\Users\jgoncalves.QUIDGEST\.m2\repository"/>
    <property name="file.separator" value="\"/>
    <property name="java.vendor.url.bug" value="http://java.sun.com/cgi-bin/bugreport.cgi"/>
    <property name="sun.cpu.endian" value="little"/>
    <property name="sun.io.unicode.encoding" value="UnicodeLittle"/>
    <property name="sun.desktop" value="windows"/>
    <property name="sun.cpu.isalist" value="amd64"/>
  </properties>
  <testcase time="0.179" classname="org.jvnet.hudson.test.JellyTestSuiteBuilder$JellyCheck" name="/D:/lastsuccessdescriptioncolumn/target/classes/hudson/plugins/lastsuccessdescriptioncolumn/LastSuccessDescriptionColumn/column.jelly"/>
  <testcase time="0.026" classname="org.jvnet.hudson.test.JellyTestSuiteBuilder$JellyCheck" name="/D:/lastsuccessdescriptioncolumn/target/classes/hudson/plugins/lastsuccessdescriptioncolumn/LastSuccessDescriptionColumn/columnHeader.jelly"/>
  <testcase time="0.007" classname="org.jvnet.hudson.test.JellyTestSuiteBuilder$JellyCheck" name="/D:/lastsuccessdescriptioncolumn/target/classes/index.jelly"/>
  <testcase time="0" classname="org.jvnet.hudson.test.junit.FailedTest" name="org.jvnet.hudson.test.JellyTestSuiteBuilder$JellyTestSuite"/>
</testsuite>